<?xml version="1.0" encoding="UTF-8"?>
<!-- Generated by org.testng.reporters.JUnitReportReporter -->
<testsuite hostname="Nagesh" failures="0" tests="1" name="seleniumpractices.TestNgSoftAssertions" time="6.154" errors="0" timestamp="2025-01-17T17:07:16 IST" skipped="0">
  <testcase classname="seleniumpractices.TestNgSoftAssertions" name="verifyValidLogin" time="6.154"/>
  <system-out/>
</testsuite> <!-- seleniumpractices.TestNgSoftAssertions -->
