<?xml version="1.0" encoding="UTF-8"?>
<!-- Generated by org.testng.reporters.JUnitReportReporter -->
<testsuite hostname="Nagesh" failures="0" tests="1" name="seleniumpractices.TestNgAnnotations" time="0.006" errors="0" timestamp="2025-01-16T15:22:46 IST" skipped="0">
  <testcase classname="seleniumpractices.TestNgAnnotations" name="verifyValidLogin" time="0.006"/>
  <system-out/>
</testsuite> <!-- seleniumpractices.TestNgAnnotations -->
