<?xml version="1.0" encoding="UTF-8"?>
<!-- Generated by org.testng.reporters.JUnitReportReporter -->
<testsuite hostname="Nagesh" failures="0" tests="3" name="newtours.ParellelExecution" time="19.273" errors="0" timestamp="2025-01-21T16:45:11 IST" skipped="0">
  <testcase classname="newtours.ParellelExecution" name="B" time="5.937"/>
  <system-out/>
  <testcase classname="newtours.ParellelExecution" name="C" time="7.567"/>
  <system-out>
    <![CDATA[before entering user name
after entering user name
before entering password
after entering password
before clicking submit btn
after clicking submit btn]]>
  </system-out>
  <testcase classname="newtours.ParellelExecution" name="Z" time="5.769"/>
  <system-out/>
</testsuite> <!-- newtours.ParellelExecution -->
