<?xml version="1.0" encoding="UTF-8"?>
<!-- Generated by org.testng.reporters.JUnitReportReporter -->
<testsuite hostname="Nagesh" failures="0" tests="3" name="seleniumpractices.TestCasesPriority" time="32.359" errors="0" timestamp="2025-01-20T16:02:59 IST" skipped="0">
  <testcase classname="seleniumpractices.TestCasesPriority" name="C" time="7.302"/>
  <system-out>
    <![CDATA[before entering user name
after entering user name
before entering password
after entering password
before clicking submit btn
after clicking submit btn]]>
  </system-out>
  <testcase classname="seleniumpractices.TestCasesPriority" name="Z" time="21.994"/>
  <system-out/>
  <testcase classname="seleniumpractices.TestCasesPriority" name="B" time="3.063"/>
  <system-out/>
</testsuite> <!-- seleniumpractices.TestCasesPriority -->
