<?xml version="1.0" encoding="UTF-8"?>
<!-- Generated by org.testng.reporters.JUnitReportReporter -->
<testsuite hostname="Nagesh" failures="0" tests="3" name="seleniumpractices.TestGroupsInTestNg" time="59.135" errors="0" timestamp="2025-01-20T16:37:58 IST" skipped="0">
  <testcase classname="seleniumpractices.TestGroupsInTestNg" name="C" time="21.437"/>
  <system-out>
    <![CDATA[before entering user name
after entering user name
before entering password
after entering password
before clicking submit btn
after clicking submit btn]]>
  </system-out>
  <testcase classname="seleniumpractices.TestGroupsInTestNg" name="Z" time="23.289"/>
  <system-out/>
  <testcase classname="seleniumpractices.TestGroupsInTestNg" name="B" time="14.409"/>
  <system-out/>
</testsuite> <!-- seleniumpractices.TestGroupsInTestNg -->
