<?xml version="1.0" encoding="UTF-8"?>
<!-- Generated by org.testng.reporters.JUnitReportReporter -->
<testsuite hostname="Nagesh" failures="0" tests="3" name="seleniumpractices.DataDrivenTesting" time="17.602" errors="0" timestamp="2025-01-20T14:49:24 IST" skipped="0">
  <testcase classname="seleniumpractices.DataDrivenTesting" name="verifyLoginUsingMultipleUsers" time="7.078"/>
  <system-out/>
  <testcase classname="seleniumpractices.DataDrivenTesting" name="verifyLoginUsingMultipleUsers" time="5.661"/>
  <system-out/>
  <testcase classname="seleniumpractices.DataDrivenTesting" name="verifyLoginUsingMultipleUsers" time="4.863"/>
  <system-out/>
</testsuite> <!-- seleniumpractices.DataDrivenTesting -->
